<?xml version="1.0" encoding="UTF-8"?>
<!-- Generated by org.testng.reporters.JUnitXMLReporter -->
<testsuite hostname="Niveditas-MacBook-Air.local" ignored="0" name="Test" tests="2" failures="0" timestamp="25 Apr 2018 15:27:12 GMT" time="105.0" errors="0">
  <testcase name="@BeforeClass setup" time="52.577" classname="com.actitime.automaion.ActitimeFunctionalAutomation.homePage.TC0002ValidPassword">
    <failure type="org.openqa.selenium.WebDriverException" message="Timed out waiting 45 seconds for Firefox to start.
Build info: version: &amp;apos;3.9.1&amp;apos;, revision: &amp;apos;63f7b50&amp;apos;, time: &amp;apos;2018-02-07T22:25:02.294Z&amp;apos;
System info: host: &amp;apos;Niveditas-MacBook-Air.local&amp;apos;, ip: &amp;apos;2600:6c46:7c00:18e2:d51d:cd2:f369:dcc8&amp;apos;, os.name: &amp;apos;Mac OS X&amp;apos;, os.arch: &amp;apos;x86_64&amp;apos;, os.version: &amp;apos;10.13.4&amp;apos;, java.version: &amp;apos;1.8.0_45&amp;apos;
Driver info: driver.version: FirefoxDriver">
      <![CDATA[org.openqa.selenium.WebDriverException: Timed out waiting 45 seconds for Firefox to start.Build info: version: '3.9.1', revision: '63f7b50', time: '2018-02-07T22:25:02.294Z'System info: host: 'Niveditas-MacBook-Air.local', ip: '2600:6c46:7c00:18e2:d51d:cd2:f369:dcc8', os.name: 'Mac OS X', os.arch: 'x86_64', os.version: '10.13.4', java.version: '1.8.0_45'Driver info: driver.version: FirefoxDriverat org.openqa.selenium.firefox.XpiDriverService.waitUntilAvailable(XpiDriverService.java:131)at org.openqa.selenium.firefox.XpiDriverService.start(XpiDriverService.java:116)at org.openqa.selenium.remote.service.DriverCommandExecutor.execute(DriverCommandExecutor.java:79)at org.openqa.selenium.remote.RemoteWebDriver.execute(RemoteWebDriver.java:601)at org.openqa.selenium.remote.RemoteWebDriver.startSession(RemoteWebDriver.java:219)at org.openqa.selenium.remote.RemoteWebDriver.<init>(RemoteWebDriver.java:142)at org.openqa.selenium.firefox.FirefoxDriver.<init>(FirefoxDriver.java:120)at org.openqa.selenium.firefox.FirefoxDriver.<init>(FirefoxDriver.java:98)at com.actitime.automaion.ActitimeFunctionalAutomation.testBase.TestBase.selectBrowser(TestBase.java:46)at com.actitime.automaion.ActitimeFunctionalAutomation.testBase.TestBase.intl(TestBase.java:35)at com.actitime.automaion.ActitimeFunctionalAutomation.homePage.TC0002ValidPassword.setup(TC0002ValidPassword.java:18)Caused by: org.openqa.selenium.net.UrlChecker$TimeoutException: Timed out waiting for [http://localhost:29422/hub/status] to be available after 45073 msat org.openqa.selenium.net.UrlChecker.waitUntilAvailable(UrlChecker.java:100)at org.openqa.selenium.firefox.XpiDriverService.waitUntilAvailable(XpiDriverService.java:129)... 36 moreCaused by: java.util.concurrent.TimeoutExceptionat java.util.concurrent.FutureTask.get(FutureTask.java:205)at com.google.common.util.concurrent.SimpleTimeLimiter.callWithTimeout(SimpleTimeLimiter.java:148)at org.openqa.selenium.net.UrlChecker.waitUntilAvailable(UrlChecker.java:75)... 37 more... Removed 26 stack frames]]>
    </failure>
  </testcase> <!-- @BeforeClass setup -->
  <testcase name="@AfterClass endsetup" time="0.0" classname="com.actitime.automaion.ActitimeFunctionalAutomation.homePage.TC0002ValidPassword">
    <skipped/>
  </testcase> <!-- @AfterClass endsetup -->
  <testcase name="@BeforeClass setup" time="49.842" classname="com.actitime.automaion.ActitimeFunctionalAutomation.homePage.TC0001InvalidLogin">
    <failure type="org.openqa.selenium.WebDriverException" message="Timed out waiting 45 seconds for Firefox to start.
Build info: version: &amp;apos;3.9.1&amp;apos;, revision: &amp;apos;63f7b50&amp;apos;, time: &amp;apos;2018-02-07T22:25:02.294Z&amp;apos;
System info: host: &amp;apos;Niveditas-MacBook-Air.local&amp;apos;, ip: &amp;apos;2600:6c46:7c00:18e2:d51d:cd2:f369:dcc8&amp;apos;, os.name: &amp;apos;Mac OS X&amp;apos;, os.arch: &amp;apos;x86_64&amp;apos;, os.version: &amp;apos;10.13.4&amp;apos;, java.version: &amp;apos;1.8.0_45&amp;apos;
Driver info: driver.version: FirefoxDriver">
      <![CDATA[org.openqa.selenium.WebDriverException: Timed out waiting 45 seconds for Firefox to start.Build info: version: '3.9.1', revision: '63f7b50', time: '2018-02-07T22:25:02.294Z'System info: host: 'Niveditas-MacBook-Air.local', ip: '2600:6c46:7c00:18e2:d51d:cd2:f369:dcc8', os.name: 'Mac OS X', os.arch: 'x86_64', os.version: '10.13.4', java.version: '1.8.0_45'Driver info: driver.version: FirefoxDriverat org.openqa.selenium.firefox.XpiDriverService.waitUntilAvailable(XpiDriverService.java:131)at org.openqa.selenium.firefox.XpiDriverService.start(XpiDriverService.java:116)at org.openqa.selenium.remote.service.DriverCommandExecutor.execute(DriverCommandExecutor.java:79)at org.openqa.selenium.remote.RemoteWebDriver.execute(RemoteWebDriver.java:601)at org.openqa.selenium.remote.RemoteWebDriver.startSession(RemoteWebDriver.java:219)at org.openqa.selenium.remote.RemoteWebDriver.<init>(RemoteWebDriver.java:142)at org.openqa.selenium.firefox.FirefoxDriver.<init>(FirefoxDriver.java:120)at org.openqa.selenium.firefox.FirefoxDriver.<init>(FirefoxDriver.java:98)at com.actitime.automaion.ActitimeFunctionalAutomation.testBase.TestBase.selectBrowser(TestBase.java:46)at com.actitime.automaion.ActitimeFunctionalAutomation.testBase.TestBase.intl(TestBase.java:35)at com.actitime.automaion.ActitimeFunctionalAutomation.homePage.TC0001InvalidLogin.setup(TC0001InvalidLogin.java:22)Caused by: org.openqa.selenium.net.UrlChecker$TimeoutException: Timed out waiting for [http://localhost:18671/hub/status] to be available after 46197 msat org.openqa.selenium.net.UrlChecker.waitUntilAvailable(UrlChecker.java:100)at org.openqa.selenium.firefox.XpiDriverService.waitUntilAvailable(XpiDriverService.java:129)... 36 moreCaused by: java.util.concurrent.TimeoutExceptionat java.util.concurrent.FutureTask.get(FutureTask.java:205)at com.google.common.util.concurrent.SimpleTimeLimiter.callWithTimeout(SimpleTimeLimiter.java:148)at org.openqa.selenium.net.UrlChecker.waitUntilAvailable(UrlChecker.java:75)... 37 more... Removed 26 stack frames]]>
    </failure>
  </testcase> <!-- @BeforeClass setup -->
  <testcase name="@AfterClass endsetup" time="0.0" classname="com.actitime.automaion.ActitimeFunctionalAutomation.homePage.TC0001InvalidLogin">
    <skipped/>
  </testcase> <!-- @AfterClass endsetup -->
  <testcase name="ValidUserNamePassword" time="0.0" classname="com.actitime.automaion.ActitimeFunctionalAutomation.homePage.TC0002ValidPassword">
    <skipped/>
  </testcase> <!-- ValidUserNamePassword -->
  <testcase name="InvalidLogin" time="0.0" classname="com.actitime.automaion.ActitimeFunctionalAutomation.homePage.TC0001InvalidLogin">
    <skipped/>
  </testcase> <!-- InvalidLogin -->
</testsuite> <!-- Test -->
