<?xml version="1.0" encoding="UTF-8"?>
<testng-results skipped="2" failed="0" ignored="0" total="2" passed="0">
  <reporter-output>
  </reporter-output>
  <suite name="Suite" duration-ms="105000" started-at="2018-04-25T15:25:23Z" finished-at="2018-04-25T15:27:08Z">
    <groups>
    </groups>
    <test name="Test" duration-ms="105000" started-at="2018-04-25T15:25:23Z" finished-at="2018-04-25T15:27:08Z">
      <class name="com.actitime.automaion.ActitimeFunctionalAutomation.homePage.TC0001InvalidLogin">
        <test-method status="FAIL" signature="setup()[pri:0, instance:com.actitime.automaion.ActitimeFunctionalAutomation.homePage.TC0001InvalidLogin@6e06451e]" name="setup" is-config="true" duration-ms="49842" started-at="2018-04-25T10:26:17Z" finished-at="2018-04-25T10:27:07Z">
          <exception class="org.openqa.selenium.WebDriverException">
            <message>
              <![CDATA[Timed out waiting 45 seconds for Firefox to start.Build info: version: '3.9.1', revision: '63f7b50', time: '2018-02-07T22:25:02.294Z'System info: host: 'Niveditas-MacBook-Air.local', ip: '2600:6c46:7c00:18e2:d51d:cd2:f369:dcc8', os.name: 'Mac OS X', os.arch: 'x86_64', os.version: '10.13.4', java.version: '1.8.0_45'Driver info: driver.version: FirefoxDriver]]>
            </message>
            <full-stacktrace>
              <![CDATA[org.openqa.selenium.WebDriverException: Timed out waiting 45 seconds for Firefox to start.Build info: version: '3.9.1', revision: '63f7b50', time: '2018-02-07T22:25:02.294Z'System info: host: 'Niveditas-MacBook-Air.local', ip: '2600:6c46:7c00:18e2:d51d:cd2:f369:dcc8', os.name: 'Mac OS X', os.arch: 'x86_64', os.version: '10.13.4', java.version: '1.8.0_45'Driver info: driver.version: FirefoxDriverat org.openqa.selenium.firefox.XpiDriverService.waitUntilAvailable(XpiDriverService.java:131)at org.openqa.selenium.firefox.XpiDriverService.start(XpiDriverService.java:116)at org.openqa.selenium.remote.service.DriverCommandExecutor.execute(DriverCommandExecutor.java:79)at org.openqa.selenium.remote.RemoteWebDriver.execute(RemoteWebDriver.java:601)at org.openqa.selenium.remote.RemoteWebDriver.startSession(RemoteWebDriver.java:219)at org.openqa.selenium.remote.RemoteWebDriver.<init>(RemoteWebDriver.java:142)at org.openqa.selenium.firefox.FirefoxDriver.<init>(FirefoxDriver.java:120)at org.openqa.selenium.firefox.FirefoxDriver.<init>(FirefoxDriver.java:98)at com.actitime.automaion.ActitimeFunctionalAutomation.testBase.TestBase.selectBrowser(TestBase.java:46)at com.actitime.automaion.ActitimeFunctionalAutomation.testBase.TestBase.intl(TestBase.java:35)at com.actitime.automaion.ActitimeFunctionalAutomation.homePage.TC0001InvalidLogin.setup(TC0001InvalidLogin.java:22)at sun.reflect.NativeMethodAccessorImpl.invoke0(Native Method)at sun.reflect.NativeMethodAccessorImpl.invoke(NativeMethodAccessorImpl.java:62)at sun.reflect.DelegatingMethodAccessorImpl.invoke(DelegatingMethodAccessorImpl.java:43)at java.lang.reflect.Method.invoke(Method.java:497)at org.testng.internal.MethodInvocationHelper.invokeMethod(MethodInvocationHelper.java:124)at org.testng.internal.MethodInvocationHelper.invokeMethodConsideringTimeout(MethodInvocationHelper.java:59)at org.testng.internal.Invoker.invokeConfigurationMethod(Invoker.java:451)at org.testng.internal.Invoker.invokeConfigurations(Invoker.java:222)at org.testng.internal.Invoker.invokeConfigurations(Invoker.java:142)at org.testng.internal.TestMethodWorker.invokeBeforeClassMethods(TestMethodWorker.java:163)at org.testng.internal.TestMethodWorker.run(TestMethodWorker.java:105)at org.testng.TestRunner.privateRun(TestRunner.java:648)at org.testng.TestRunner.run(TestRunner.java:505)at org.testng.SuiteRunner.runTest(SuiteRunner.java:455)at org.testng.SuiteRunner.runSequentially(SuiteRunner.java:450)at org.testng.SuiteRunner.privateRun(SuiteRunner.java:415)at org.testng.SuiteRunner.run(SuiteRunner.java:364)at org.testng.SuiteRunnerWorker.runSuite(SuiteRunnerWorker.java:52)at org.testng.SuiteRunnerWorker.run(SuiteRunnerWorker.java:84)at org.testng.TestNG.runSuitesSequentially(TestNG.java:1187)at org.testng.TestNG.runSuitesLocally(TestNG.java:1116)at org.testng.TestNG.runSuites(TestNG.java:1028)at org.testng.TestNG.run(TestNG.java:996)at org.testng.remote.AbstractRemoteTestNG.run(AbstractRemoteTestNG.java:114)at org.testng.remote.RemoteTestNG.initAndRun(RemoteTestNG.java:251)at org.testng.remote.RemoteTestNG.main(RemoteTestNG.java:77)Caused by: org.openqa.selenium.net.UrlChecker$TimeoutException: Timed out waiting for [http://localhost:18671/hub/status] to be available after 46197 msat org.openqa.selenium.net.UrlChecker.waitUntilAvailable(UrlChecker.java:100)at org.openqa.selenium.firefox.XpiDriverService.waitUntilAvailable(XpiDriverService.java:129)... 36 moreCaused by: java.util.concurrent.TimeoutExceptionat java.util.concurrent.FutureTask.get(FutureTask.java:205)at com.google.common.util.concurrent.SimpleTimeLimiter.callWithTimeout(SimpleTimeLimiter.java:148)at org.openqa.selenium.net.UrlChecker.waitUntilAvailable(UrlChecker.java:75)... 37 more]]>
            </full-stacktrace>
          </exception> <!-- org.openqa.selenium.WebDriverException -->
          <reporter-output>
          </reporter-output>
        </test-method> <!-- setup -->
        <test-method status="SKIP" signature="InvalidLogin()[pri:0, instance:com.actitime.automaion.ActitimeFunctionalAutomation.homePage.TC0001InvalidLogin@6e06451e]" name="InvalidLogin" duration-ms="0" started-at="2018-04-25T10:27:08Z" finished-at="2018-04-25T10:27:08Z">
          <exception class="org.openqa.selenium.WebDriverException">
            <message>
              <![CDATA[Timed out waiting 45 seconds for Firefox to start.Build info: version: '3.9.1', revision: '63f7b50', time: '2018-02-07T22:25:02.294Z'System info: host: 'Niveditas-MacBook-Air.local', ip: '2600:6c46:7c00:18e2:d51d:cd2:f369:dcc8', os.name: 'Mac OS X', os.arch: 'x86_64', os.version: '10.13.4', java.version: '1.8.0_45'Driver info: driver.version: FirefoxDriver]]>
            </message>
            <full-stacktrace>
              <![CDATA[org.openqa.selenium.WebDriverException: Timed out waiting 45 seconds for Firefox to start.Build info: version: '3.9.1', revision: '63f7b50', time: '2018-02-07T22:25:02.294Z'System info: host: 'Niveditas-MacBook-Air.local', ip: '2600:6c46:7c00:18e2:d51d:cd2:f369:dcc8', os.name: 'Mac OS X', os.arch: 'x86_64', os.version: '10.13.4', java.version: '1.8.0_45'Driver info: driver.version: FirefoxDriverat org.openqa.selenium.firefox.XpiDriverService.waitUntilAvailable(XpiDriverService.java:131)at org.openqa.selenium.firefox.XpiDriverService.start(XpiDriverService.java:116)at org.openqa.selenium.remote.service.DriverCommandExecutor.execute(DriverCommandExecutor.java:79)at org.openqa.selenium.remote.RemoteWebDriver.execute(RemoteWebDriver.java:601)at org.openqa.selenium.remote.RemoteWebDriver.startSession(RemoteWebDriver.java:219)at org.openqa.selenium.remote.RemoteWebDriver.<init>(RemoteWebDriver.java:142)at org.openqa.selenium.firefox.FirefoxDriver.<init>(FirefoxDriver.java:120)at org.openqa.selenium.firefox.FirefoxDriver.<init>(FirefoxDriver.java:98)at com.actitime.automaion.ActitimeFunctionalAutomation.testBase.TestBase.selectBrowser(TestBase.java:46)at com.actitime.automaion.ActitimeFunctionalAutomation.testBase.TestBase.intl(TestBase.java:35)at com.actitime.automaion.ActitimeFunctionalAutomation.homePage.TC0001InvalidLogin.setup(TC0001InvalidLogin.java:22)at sun.reflect.NativeMethodAccessorImpl.invoke0(Native Method)at sun.reflect.NativeMethodAccessorImpl.invoke(NativeMethodAccessorImpl.java:62)at sun.reflect.DelegatingMethodAccessorImpl.invoke(DelegatingMethodAccessorImpl.java:43)at java.lang.reflect.Method.invoke(Method.java:497)at org.testng.internal.MethodInvocationHelper.invokeMethod(MethodInvocationHelper.java:124)at org.testng.internal.MethodInvocationHelper.invokeMethodConsideringTimeout(MethodInvocationHelper.java:59)at org.testng.internal.Invoker.invokeConfigurationMethod(Invoker.java:451)at org.testng.internal.Invoker.invokeConfigurations(Invoker.java:222)at org.testng.internal.Invoker.invokeConfigurations(Invoker.java:142)at org.testng.internal.TestMethodWorker.invokeBeforeClassMethods(TestMethodWorker.java:163)at org.testng.internal.TestMethodWorker.run(TestMethodWorker.java:105)at org.testng.TestRunner.privateRun(TestRunner.java:648)at org.testng.TestRunner.run(TestRunner.java:505)at org.testng.SuiteRunner.runTest(SuiteRunner.java:455)at org.testng.SuiteRunner.runSequentially(SuiteRunner.java:450)at org.testng.SuiteRunner.privateRun(SuiteRunner.java:415)at org.testng.SuiteRunner.run(SuiteRunner.java:364)at org.testng.SuiteRunnerWorker.runSuite(SuiteRunnerWorker.java:52)at org.testng.SuiteRunnerWorker.run(SuiteRunnerWorker.java:84)at org.testng.TestNG.runSuitesSequentially(TestNG.java:1187)at org.testng.TestNG.runSuitesLocally(TestNG.java:1116)at org.testng.TestNG.runSuites(TestNG.java:1028)at org.testng.TestNG.run(TestNG.java:996)at org.testng.remote.AbstractRemoteTestNG.run(AbstractRemoteTestNG.java:114)at org.testng.remote.RemoteTestNG.initAndRun(RemoteTestNG.java:251)at org.testng.remote.RemoteTestNG.main(RemoteTestNG.java:77)Caused by: org.openqa.selenium.net.UrlChecker$TimeoutException: Timed out waiting for [http://localhost:18671/hub/status] to be available after 46197 msat org.openqa.selenium.net.UrlChecker.waitUntilAvailable(UrlChecker.java:100)at org.openqa.selenium.firefox.XpiDriverService.waitUntilAvailable(XpiDriverService.java:129)... 36 moreCaused by: java.util.concurrent.TimeoutExceptionat java.util.concurrent.FutureTask.get(FutureTask.java:205)at com.google.common.util.concurrent.SimpleTimeLimiter.callWithTimeout(SimpleTimeLimiter.java:148)at org.openqa.selenium.net.UrlChecker.waitUntilAvailable(UrlChecker.java:75)... 37 more]]>
            </full-stacktrace>
          </exception> <!-- org.openqa.selenium.WebDriverException -->
          <reporter-output>
          </reporter-output>
        </test-method> <!-- InvalidLogin -->
        <test-method status="SKIP" signature="endsetup()[pri:0, instance:com.actitime.automaion.ActitimeFunctionalAutomation.homePage.TC0001InvalidLogin@6e06451e]" name="endsetup" is-config="true" duration-ms="0" started-at="2018-04-25T10:27:08Z" finished-at="2018-04-25T10:27:08Z">
          <reporter-output>
          </reporter-output>
        </test-method> <!-- endsetup -->
      </class> <!-- com.actitime.automaion.ActitimeFunctionalAutomation.homePage.TC0001InvalidLogin -->
      <class name="com.actitime.automaion.ActitimeFunctionalAutomation.homePage.TC0002ValidPassword">
        <test-method status="FAIL" signature="setup()[pri:0, instance:com.actitime.automaion.ActitimeFunctionalAutomation.homePage.TC0002ValidPassword@72d818d1]" name="setup" is-config="true" duration-ms="52577" started-at="2018-04-25T10:25:23Z" finished-at="2018-04-25T10:26:16Z">
          <exception class="org.openqa.selenium.WebDriverException">
            <message>
              <![CDATA[Timed out waiting 45 seconds for Firefox to start.Build info: version: '3.9.1', revision: '63f7b50', time: '2018-02-07T22:25:02.294Z'System info: host: 'Niveditas-MacBook-Air.local', ip: '2600:6c46:7c00:18e2:d51d:cd2:f369:dcc8', os.name: 'Mac OS X', os.arch: 'x86_64', os.version: '10.13.4', java.version: '1.8.0_45'Driver info: driver.version: FirefoxDriver]]>
            </message>
            <full-stacktrace>
              <![CDATA[org.openqa.selenium.WebDriverException: Timed out waiting 45 seconds for Firefox to start.Build info: version: '3.9.1', revision: '63f7b50', time: '2018-02-07T22:25:02.294Z'System info: host: 'Niveditas-MacBook-Air.local', ip: '2600:6c46:7c00:18e2:d51d:cd2:f369:dcc8', os.name: 'Mac OS X', os.arch: 'x86_64', os.version: '10.13.4', java.version: '1.8.0_45'Driver info: driver.version: FirefoxDriverat org.openqa.selenium.firefox.XpiDriverService.waitUntilAvailable(XpiDriverService.java:131)at org.openqa.selenium.firefox.XpiDriverService.start(XpiDriverService.java:116)at org.openqa.selenium.remote.service.DriverCommandExecutor.execute(DriverCommandExecutor.java:79)at org.openqa.selenium.remote.RemoteWebDriver.execute(RemoteWebDriver.java:601)at org.openqa.selenium.remote.RemoteWebDriver.startSession(RemoteWebDriver.java:219)at org.openqa.selenium.remote.RemoteWebDriver.<init>(RemoteWebDriver.java:142)at org.openqa.selenium.firefox.FirefoxDriver.<init>(FirefoxDriver.java:120)at org.openqa.selenium.firefox.FirefoxDriver.<init>(FirefoxDriver.java:98)at com.actitime.automaion.ActitimeFunctionalAutomation.testBase.TestBase.selectBrowser(TestBase.java:46)at com.actitime.automaion.ActitimeFunctionalAutomation.testBase.TestBase.intl(TestBase.java:35)at com.actitime.automaion.ActitimeFunctionalAutomation.homePage.TC0002ValidPassword.setup(TC0002ValidPassword.java:18)at sun.reflect.NativeMethodAccessorImpl.invoke0(Native Method)at sun.reflect.NativeMethodAccessorImpl.invoke(NativeMethodAccessorImpl.java:62)at sun.reflect.DelegatingMethodAccessorImpl.invoke(DelegatingMethodAccessorImpl.java:43)at java.lang.reflect.Method.invoke(Method.java:497)at org.testng.internal.MethodInvocationHelper.invokeMethod(MethodInvocationHelper.java:124)at org.testng.internal.MethodInvocationHelper.invokeMethodConsideringTimeout(MethodInvocationHelper.java:59)at org.testng.internal.Invoker.invokeConfigurationMethod(Invoker.java:451)at org.testng.internal.Invoker.invokeConfigurations(Invoker.java:222)at org.testng.internal.Invoker.invokeConfigurations(Invoker.java:142)at org.testng.internal.TestMethodWorker.invokeBeforeClassMethods(TestMethodWorker.java:163)at org.testng.internal.TestMethodWorker.run(TestMethodWorker.java:105)at org.testng.TestRunner.privateRun(TestRunner.java:648)at org.testng.TestRunner.run(TestRunner.java:505)at org.testng.SuiteRunner.runTest(SuiteRunner.java:455)at org.testng.SuiteRunner.runSequentially(SuiteRunner.java:450)at org.testng.SuiteRunner.privateRun(SuiteRunner.java:415)at org.testng.SuiteRunner.run(SuiteRunner.java:364)at org.testng.SuiteRunnerWorker.runSuite(SuiteRunnerWorker.java:52)at org.testng.SuiteRunnerWorker.run(SuiteRunnerWorker.java:84)at org.testng.TestNG.runSuitesSequentially(TestNG.java:1187)at org.testng.TestNG.runSuitesLocally(TestNG.java:1116)at org.testng.TestNG.runSuites(TestNG.java:1028)at org.testng.TestNG.run(TestNG.java:996)at org.testng.remote.AbstractRemoteTestNG.run(AbstractRemoteTestNG.java:114)at org.testng.remote.RemoteTestNG.initAndRun(RemoteTestNG.java:251)at org.testng.remote.RemoteTestNG.main(RemoteTestNG.java:77)Caused by: org.openqa.selenium.net.UrlChecker$TimeoutException: Timed out waiting for [http://localhost:29422/hub/status] to be available after 45073 msat org.openqa.selenium.net.UrlChecker.waitUntilAvailable(UrlChecker.java:100)at org.openqa.selenium.firefox.XpiDriverService.waitUntilAvailable(XpiDriverService.java:129)... 36 moreCaused by: java.util.concurrent.TimeoutExceptionat java.util.concurrent.FutureTask.get(FutureTask.java:205)at com.google.common.util.concurrent.SimpleTimeLimiter.callWithTimeout(SimpleTimeLimiter.java:148)at org.openqa.selenium.net.UrlChecker.waitUntilAvailable(UrlChecker.java:75)... 37 more]]>
            </full-stacktrace>
          </exception> <!-- org.openqa.selenium.WebDriverException -->
          <reporter-output>
          </reporter-output>
        </test-method> <!-- setup -->
        <test-method status="SKIP" signature="ValidUserNamePassword()[pri:0, instance:com.actitime.automaion.ActitimeFunctionalAutomation.homePage.TC0002ValidPassword@72d818d1]" name="ValidUserNamePassword" duration-ms="0" started-at="2018-04-25T10:26:17Z" finished-at="2018-04-25T10:26:17Z">
          <exception class="org.openqa.selenium.WebDriverException">
            <message>
              <![CDATA[Timed out waiting 45 seconds for Firefox to start.Build info: version: '3.9.1', revision: '63f7b50', time: '2018-02-07T22:25:02.294Z'System info: host: 'Niveditas-MacBook-Air.local', ip: '2600:6c46:7c00:18e2:d51d:cd2:f369:dcc8', os.name: 'Mac OS X', os.arch: 'x86_64', os.version: '10.13.4', java.version: '1.8.0_45'Driver info: driver.version: FirefoxDriver]]>
            </message>
            <full-stacktrace>
              <![CDATA[org.openqa.selenium.WebDriverException: Timed out waiting 45 seconds for Firefox to start.Build info: version: '3.9.1', revision: '63f7b50', time: '2018-02-07T22:25:02.294Z'System info: host: 'Niveditas-MacBook-Air.local', ip: '2600:6c46:7c00:18e2:d51d:cd2:f369:dcc8', os.name: 'Mac OS X', os.arch: 'x86_64', os.version: '10.13.4', java.version: '1.8.0_45'Driver info: driver.version: FirefoxDriverat org.openqa.selenium.firefox.XpiDriverService.waitUntilAvailable(XpiDriverService.java:131)at org.openqa.selenium.firefox.XpiDriverService.start(XpiDriverService.java:116)at org.openqa.selenium.remote.service.DriverCommandExecutor.execute(DriverCommandExecutor.java:79)at org.openqa.selenium.remote.RemoteWebDriver.execute(RemoteWebDriver.java:601)at org.openqa.selenium.remote.RemoteWebDriver.startSession(RemoteWebDriver.java:219)at org.openqa.selenium.remote.RemoteWebDriver.<init>(RemoteWebDriver.java:142)at org.openqa.selenium.firefox.FirefoxDriver.<init>(FirefoxDriver.java:120)at org.openqa.selenium.firefox.FirefoxDriver.<init>(FirefoxDriver.java:98)at com.actitime.automaion.ActitimeFunctionalAutomation.testBase.TestBase.selectBrowser(TestBase.java:46)at com.actitime.automaion.ActitimeFunctionalAutomation.testBase.TestBase.intl(TestBase.java:35)at com.actitime.automaion.ActitimeFunctionalAutomation.homePage.TC0002ValidPassword.setup(TC0002ValidPassword.java:18)at sun.reflect.NativeMethodAccessorImpl.invoke0(Native Method)at sun.reflect.NativeMethodAccessorImpl.invoke(NativeMethodAccessorImpl.java:62)at sun.reflect.DelegatingMethodAccessorImpl.invoke(DelegatingMethodAccessorImpl.java:43)at java.lang.reflect.Method.invoke(Method.java:497)at org.testng.internal.MethodInvocationHelper.invokeMethod(MethodInvocationHelper.java:124)at org.testng.internal.MethodInvocationHelper.invokeMethodConsideringTimeout(MethodInvocationHelper.java:59)at org.testng.internal.Invoker.invokeConfigurationMethod(Invoker.java:451)at org.testng.internal.Invoker.invokeConfigurations(Invoker.java:222)at org.testng.internal.Invoker.invokeConfigurations(Invoker.java:142)at org.testng.internal.TestMethodWorker.invokeBeforeClassMethods(TestMethodWorker.java:163)at org.testng.internal.TestMethodWorker.run(TestMethodWorker.java:105)at org.testng.TestRunner.privateRun(TestRunner.java:648)at org.testng.TestRunner.run(TestRunner.java:505)at org.testng.SuiteRunner.runTest(SuiteRunner.java:455)at org.testng.SuiteRunner.runSequentially(SuiteRunner.java:450)at org.testng.SuiteRunner.privateRun(SuiteRunner.java:415)at org.testng.SuiteRunner.run(SuiteRunner.java:364)at org.testng.SuiteRunnerWorker.runSuite(SuiteRunnerWorker.java:52)at org.testng.SuiteRunnerWorker.run(SuiteRunnerWorker.java:84)at org.testng.TestNG.runSuitesSequentially(TestNG.java:1187)at org.testng.TestNG.runSuitesLocally(TestNG.java:1116)at org.testng.TestNG.runSuites(TestNG.java:1028)at org.testng.TestNG.run(TestNG.java:996)at org.testng.remote.AbstractRemoteTestNG.run(AbstractRemoteTestNG.java:114)at org.testng.remote.RemoteTestNG.initAndRun(RemoteTestNG.java:251)at org.testng.remote.RemoteTestNG.main(RemoteTestNG.java:77)Caused by: org.openqa.selenium.net.UrlChecker$TimeoutException: Timed out waiting for [http://localhost:29422/hub/status] to be available after 45073 msat org.openqa.selenium.net.UrlChecker.waitUntilAvailable(UrlChecker.java:100)at org.openqa.selenium.firefox.XpiDriverService.waitUntilAvailable(XpiDriverService.java:129)... 36 moreCaused by: java.util.concurrent.TimeoutExceptionat java.util.concurrent.FutureTask.get(FutureTask.java:205)at com.google.common.util.concurrent.SimpleTimeLimiter.callWithTimeout(SimpleTimeLimiter.java:148)at org.openqa.selenium.net.UrlChecker.waitUntilAvailable(UrlChecker.java:75)... 37 more]]>
            </full-stacktrace>
          </exception> <!-- org.openqa.selenium.WebDriverException -->
          <reporter-output>
          </reporter-output>
        </test-method> <!-- ValidUserNamePassword -->
        <test-method status="SKIP" signature="endsetup()[pri:0, instance:com.actitime.automaion.ActitimeFunctionalAutomation.homePage.TC0002ValidPassword@72d818d1]" name="endsetup" is-config="true" duration-ms="0" started-at="2018-04-25T10:26:17Z" finished-at="2018-04-25T10:26:17Z">
          <reporter-output>
          </reporter-output>
        </test-method> <!-- endsetup -->
      </class> <!-- com.actitime.automaion.ActitimeFunctionalAutomation.homePage.TC0002ValidPassword -->
    </test> <!-- Test -->
  </suite> <!-- Suite -->
</testng-results>
